[2016-05-17 11:51:57] doxcpersso.CRITICAL: The extension  is not supported [] []
[2016-05-17 11:52:46] doxcpersso.CRITICAL: The extension  is not supported [] []
[2016-05-17 11:53:22] doxcpersso.CRITICAL: The extension  is not supported [] []
[2016-05-17 23:04:22] doxcpersso.CRITICAL: Unable to write ../docsodt/temp/programacions_comunes/vvv.odt. Check write access. [] []
[2016-05-18 10:17:25] doxcpersso.CRITICAL: Unable to write ../docsodt/temp/programacions_comunes/vvv.odt. Check write access. [] []
[2016-05-24 13:06:34] doxcpersso.CRITICAL: Unable to write ../docsodt/temp/programacions_comunes/ggg.odt. Check write access. [] []
[2016-05-25 18:43:54] doxcpersso.CRITICAL: Unable to write ../docsodt/temp/programacions_comunes/Modul06_DAW2_prog.odt. Check write access. [] []
[2016-05-26 09:49:42] doxcpersso.CRITICAL: Unable to write ../docsodt/temp/programacions_comunes/Modul04_DAW1_prog.odt. Check write access. [] []
[2016-05-26 09:58:30] doxcpersso.CRITICAL: Unable to write ../docsodt/temp/programacions_comunes/Modul04_DAW1_prog.odt. Check write access. [] []
[2016-05-26 19:32:27] doxcpersso.CRITICAL: Unable to write ../docsodt/temp/programacions_comunes/hhh.odt. Check write access. [] []
[2016-05-26 22:40:51] doxcpersso.CRITICAL: Unable to write ../docsodt/temp/programacions_comunes/Modul06_DAW2_prog.odt. Check write access. [] []
[2016-05-26 22:47:11] doxcpersso.CRITICAL: Unable to write ../docsodt/temp/programacions_comunes/Modul06_DAW2_prog.odt. Check write access. [] []
[2016-05-27 08:27:52] doxcpersso.CRITICAL: Unable to write ../docsodt/temp/programacions_comunes/Modul06_DAW2_prog.odt. Check write access. [] []
[2016-05-27 08:31:19] doxcpersso.CRITICAL: Unable to write ../docsodt/temp/programacions_comunes/Modul06_DAW2_prog.odt. Check write access. [] []
[2016-05-27 08:31:55] doxcpersso.CRITICAL: Unable to write ../docsodt/temp/programacions_comunes/Modul06_DAW2_prog.odt. Check write access. [] []
[2016-05-27 08:32:53] doxcpersso.CRITICAL: Unable to write ../docsodt/temp/programacions_comunes/Modul06_DAW2_prog.odt. Check write access. [] []
[2016-05-31 09:07:28] doxcpersso.CRITICAL: Unable to write ../docsodt/temp/programacions_comunes/Modul02_DAW1_prog.odt. Check write access. [] []
[2016-05-31 09:19:16] doxcpersso.CRITICAL: Unable to write ../docsodt/temp/programacions_comunes/Modul04_DAW1_prog.odt. Check write access. [] []
[2016-05-31 09:26:19] doxcpersso.CRITICAL: Unable to write ../docsodt/temp/programacions_comunes/Modul03_DAW1_prog.odt. Check write access. [] []
[2016-06-04 12:15:31] doxcpersso.CRITICAL: Unable to write ../docsodt/temp/programacions_comunes/Modul06_DAW2_prog.odt. Check write access. [] []
[2016-06-04 15:42:27] doxcpersso.CRITICAL: Unable to write ../docsodt/temp/programacions_comunes/prog_Mod06_2015-2016.odt. Check write access. [] []
